<?xml version="1.0" encoding="UTF-8"?>
<!-- Generated by org.testng.reporters.JUnitReportReporter -->
<testsuite hostname="Rajitha6303" failures="0" tests="3" name="Virtusa.MobileFramework.TC_005_WebView" time="437.339" errors="3" timestamp="2024-08-25T12:47:44 IST" skipped="0">
  <testcase classname="Virtusa.MobileFramework.TC_005_WebView" name="webViewPage" time="131.121">
    <error message="Unknown mobile command &quot;longClickGesture&quot;. Only shell,scrollBackTo,viewportScreenshot,deepLink,startLogsBroadcast,stopLogsBroadcast,acceptAlert,dismissAlert,batteryInfo,deviceInfo,changePermissions,getPermissions,performEditorAction,startScreenStreaming,stopScreenStreaming,getNotifications,listSms,type commands are supported.
Build info: version: &#039;4.23.1&#039;, revision: &#039;656257d8e9&#039;
System info: os.name: &#039;Windows 11&#039;, os.arch: &#039;amd64&#039;, os.version: &#039;10.0&#039;, java.version: &#039;19.0.2&#039;
Driver info: io.appium.java_client.android.AndroidDriver
Command: [605aef1fb03b27b9d679b78e825d7e4d9ac6da6f, executeScript {script=mobile: longClickGesture, args=[{elementId=5cb42e6b-f6d8-4fda-93ac-f75b675581b0, duration=2000}]}]
Capabilities {appium:appActivity: com.androidsample.generalst..., appium:appPackage: com.androidsample.generalstore, appium:automationName: uiautomator2, appium:bundleID: com.androidsample.generalstore, appium:bundleId: com.androidsample.generalstore, appium:chromedriverPort: 18080, appium:chromedriverPorts: [[18100, 18110]], appium:databaseEnabled: false, appium:desired: {appActivity: com.androidsample.generalst..., appPackage: com.androidsample.generalstore, automationName: uiautomator2, bstack:options: {buildIdentifier: #17, hostName: Rajitha6303, localIdentifier: 25_Aug_1244_Rajitha6303_SId4}, bundleID: com.androidsample.generalstore, bundleId: com.androidsample.generalstore, chromedriverPort: 18080, chromedriverPorts: [[18100, 18110]], deviceName: emulator-5554, disableSuppressAccessibilityService: true, goog:chromeOptions: {}, nativeWebScreenshot: true, newCommandTimeout: 0, platformName: Android, skipServerInstallation: true, systemPort: 8200, udid: 1B031FDEE007KR}, appium:deviceApiLevel: 31, appium:deviceManufacturer: Google, appium:deviceModel: Pixel 6 Pro, appium:deviceName: 1B031FDEE007KR, appium:deviceScreenDensity: 560, appium:deviceScreenSize: 1440x3120, appium:deviceUDID: 1B031FDEE007KR, appium:disableSuppressAccessibilityService: true, appium:javascriptEnabled: true, appium:locationContextEnabled: false, appium:nativeWebScreenshot: true, appium:networkConnectionEnabled: true, appium:newCommandTimeout: 0, appium:optimalHubUrl: hub-aps.browserstack.com, appium:pixelRatio: 3.5, appium:platformVersion: 12, appium:skipServerInstallation: true, appium:statBarHeight: 145, appium:systemPort: 8200, appium:takesScreenshot: true, appium:udid: 1B031FDEE007KR, appium:viewportRect: {height: 2789, left: 0, top: 145, width: 1440}, appium:warnings: {}, appium:webStorageEnabled: false, bstack:options: {buildIdentifier: #17, hostName: Rajitha6303, localIdentifier: 25_Aug_1244_Rajitha6303_SId4}, goog:chromeOptions: {}, platformName: ANDROID}
Session ID: 605aef1fb03b27b9d679b78e825d7e4d9ac6da6f" type="org.openqa.selenium.UnsupportedCommandException">
      <![CDATA[org.openqa.selenium.UnsupportedCommandException: Unknown mobile command "longClickGesture". Only shell,scrollBackTo,viewportScreenshot,deepLink,startLogsBroadcast,stopLogsBroadcast,acceptAlert,dismissAlert,batteryInfo,deviceInfo,changePermissions,getPermissions,performEditorAction,startScreenStreaming,stopScreenStreaming,getNotifications,listSms,type commands are supported.
Build info: version: '4.23.1', revision: '656257d8e9'
System info: os.name: 'Windows 11', os.arch: 'amd64', os.version: '10.0', java.version: '19.0.2'
Driver info: io.appium.java_client.android.AndroidDriver
Command: [605aef1fb03b27b9d679b78e825d7e4d9ac6da6f, executeScript {script=mobile: longClickGesture, args=[{elementId=5cb42e6b-f6d8-4fda-93ac-f75b675581b0, duration=2000}]}]
Capabilities {appium:appActivity: com.androidsample.generalst..., appium:appPackage: com.androidsample.generalstore, appium:automationName: uiautomator2, appium:bundleID: com.androidsample.generalstore, appium:bundleId: com.androidsample.generalstore, appium:chromedriverPort: 18080, appium:chromedriverPorts: [[18100, 18110]], appium:databaseEnabled: false, appium:desired: {appActivity: com.androidsample.generalst..., appPackage: com.androidsample.generalstore, automationName: uiautomator2, bstack:options: {buildIdentifier: #17, hostName: Rajitha6303, localIdentifier: 25_Aug_1244_Rajitha6303_SId4}, bundleID: com.androidsample.generalstore, bundleId: com.androidsample.generalstore, chromedriverPort: 18080, chromedriverPorts: [[18100, 18110]], deviceName: emulator-5554, disableSuppressAccessibilityService: true, goog:chromeOptions: {}, nativeWebScreenshot: true, newCommandTimeout: 0, platformName: Android, skipServerInstallation: true, systemPort: 8200, udid: 1B031FDEE007KR}, appium:deviceApiLevel: 31, appium:deviceManufacturer: Google, appium:deviceModel: Pixel 6 Pro, appium:deviceName: 1B031FDEE007KR, appium:deviceScreenDensity: 560, appium:deviceScreenSize: 1440x3120, appium:deviceUDID: 1B031FDEE007KR, appium:disableSuppressAccessibilityService: true, appium:javascriptEnabled: true, appium:locationContextEnabled: false, appium:nativeWebScreenshot: true, appium:networkConnectionEnabled: true, appium:newCommandTimeout: 0, appium:optimalHubUrl: hub-aps.browserstack.com, appium:pixelRatio: 3.5, appium:platformVersion: 12, appium:skipServerInstallation: true, appium:statBarHeight: 145, appium:systemPort: 8200, appium:takesScreenshot: true, appium:udid: 1B031FDEE007KR, appium:viewportRect: {height: 2789, left: 0, top: 145, width: 1440}, appium:warnings: {}, appium:webStorageEnabled: false, bstack:options: {buildIdentifier: #17, hostName: Rajitha6303, localIdentifier: 25_Aug_1244_Rajitha6303_SId4}, goog:chromeOptions: {}, platformName: ANDROID}
Session ID: 605aef1fb03b27b9d679b78e825d7e4d9ac6da6f
at java.base/jdk.internal.reflect.DirectConstructorHandleAccessor.newInstance(DirectConstructorHandleAccessor.java:67)
at java.base/java.lang.reflect.Constructor.newInstanceWithCaller(Constructor.java:500)
at java.base/java.lang.reflect.Constructor.newInstance(Constructor.java:484)
at org.openqa.selenium.remote.ErrorCodec.decode(ErrorCodec.java:167)
at org.openqa.selenium.remote.codec.w3c.W3CHttpResponseCodec.decode(W3CHttpResponseCodec.java:138)
at org.openqa.selenium.remote.codec.w3c.W3CHttpResponseCodec.decode(W3CHttpResponseCodec.java:50)
at org.openqa.selenium.remote.HttpCommandExecutor.execute(HttpCommandExecutor.java:190)
at io.appium.java_client.remote.AppiumCommandExecutor.execute(AppiumCommandExecutor.java:237)
at org.openqa.selenium.remote.RemoteWebDriver.execute(RemoteWebDriver.java:545)
at org.openqa.selenium.remote.RemoteWebDriver.executeScript(RemoteWebDriver.java:476)
at virtusa.abstractComponent.AbstractionClass.longPressGesture(AbstractionClass.java:52)
at org.virtusa.mobileTesting.android.pageObjectModelCloud.CartPage.acceptTermsAndConditions(CartPage.java:110)
at Virtusa.MobileFramework.TC_005_WebView.webViewPage(TC_005_WebView.java:40)
at java.base/jdk.internal.reflect.DirectMethodHandleAccessor.invoke(DirectMethodHandleAccessor.java:104)
at java.base/java.lang.reflect.Method.invoke(Method.java:578)
at org.testng.internal.invokers.MethodInvocationHelper.invokeMethod(MethodInvocationHelper.java:141)
at org.testng.internal.invokers.TestInvoker.invokeMethod(TestInvoker.java:686)
at org.testng.internal.invokers.TestInvoker.invokeTestMethod(TestInvoker.java:230)
at org.testng.internal.invokers.MethodRunner.runInSequence(MethodRunner.java:63)
at org.testng.internal.invokers.TestInvoker$MethodInvocationAgent.invoke(TestInvoker.java:992)
at org.testng.internal.invokers.TestInvoker.invokeTestMethods(TestInvoker.java:203)
at org.testng.internal.invokers.TestMethodWorker.invokeTestMethods(TestMethodWorker.java:154)
at org.testng.internal.invokers.TestMethodWorker.run(TestMethodWorker.java:134)
at java.base/java.util.concurrent.Executors$RunnableAdapter.call(Executors.java:577)
at java.base/java.util.concurrent.FutureTask.run(FutureTask.java:317)
at org.testng.internal.thread.graph.TestNGFutureTask.run(TestNGFutureTask.java:22)
at java.base/java.util.concurrent.ThreadPoolExecutor.runWorker(ThreadPoolExecutor.java:1144)
at java.base/java.util.concurrent.ThreadPoolExecutor$Worker.run(ThreadPoolExecutor.java:642)
at java.base/java.lang.Thread.run(Thread.java:1589)
]]>
    </error>
  </testcase> <!-- webViewPage -->
  <testcase classname="Virtusa.MobileFramework.TC_005_WebView" name="webViewPage" time="143.914">
    <error message="Unknown mobile command &quot;longClickGesture&quot;. Only shell,scrollBackTo,viewportScreenshot,deepLink,startLogsBroadcast,stopLogsBroadcast,acceptAlert,dismissAlert,batteryInfo,deviceInfo,changePermissions,getPermissions,performEditorAction,startScreenStreaming,stopScreenStreaming,getNotifications,listSms,type commands are supported.
Build info: version: &#039;4.23.1&#039;, revision: &#039;656257d8e9&#039;
System info: os.name: &#039;Windows 11&#039;, os.arch: &#039;amd64&#039;, os.version: &#039;10.0&#039;, java.version: &#039;19.0.2&#039;
Driver info: io.appium.java_client.android.AndroidDriver
Command: [3da118d5751b140f2771cb5ab26b0e3a5d91d81f, executeScript {script=mobile: longClickGesture, args=[{elementId=d9a28e2b-c13d-4410-93f9-ccba2517d4fa, duration=2000}]}]
Capabilities {appium:appActivity: com.androidsample.generalst..., appium:appPackage: com.androidsample.generalstore, appium:automationName: uiautomator2, appium:bundleID: com.androidsample.generalstore, appium:bundleId: com.androidsample.generalstore, appium:chromedriverPort: 18086, appium:chromedriverPorts: [[18166, 18176]], appium:databaseEnabled: false, appium:desired: {appActivity: com.androidsample.generalst..., appPackage: com.androidsample.generalstore, automationName: uiautomator2, bstack:options: {buildIdentifier: #17, hostName: Rajitha6303, localIdentifier: 25_Aug_1244_Rajitha6303_SId4}, bundleID: com.androidsample.generalstore, bundleId: com.androidsample.generalstore, chromedriverPort: 18086, chromedriverPorts: [[18166, 18176]], deviceName: emulator-5554, disableSuppressAccessibilityService: true, goog:chromeOptions: {}, nativeWebScreenshot: true, newCommandTimeout: 0, platformName: Android, skipServerInstallation: true, systemPort: 8206, udid: R5CT31AHM8V}, appium:deviceApiLevel: 31, appium:deviceManufacturer: samsung, appium:deviceModel: SM-S908E, appium:deviceName: R5CT31AHM8V, appium:deviceScreenDensity: 450, appium:deviceScreenSize: 1080x2316, appium:deviceUDID: R5CT31AHM8V, appium:disableSuppressAccessibilityService: true, appium:javascriptEnabled: true, appium:locationContextEnabled: false, appium:nativeWebScreenshot: true, appium:networkConnectionEnabled: true, appium:newCommandTimeout: 0, appium:optimalHubUrl: hub-aps.browserstack.com, appium:pixelRatio: 2.8125, appium:platformVersion: 12, appium:skipServerInstallation: true, appium:statBarHeight: 75, appium:systemPort: 8206, appium:takesScreenshot: true, appium:udid: R5CT31AHM8V, appium:viewportRect: {height: 2031, left: 0, top: 75, width: 1080}, appium:warnings: {}, appium:webStorageEnabled: false, bstack:options: {buildIdentifier: #17, hostName: Rajitha6303, localIdentifier: 25_Aug_1244_Rajitha6303_SId4}, goog:chromeOptions: {}, platformName: ANDROID}
Session ID: 3da118d5751b140f2771cb5ab26b0e3a5d91d81f" type="org.openqa.selenium.UnsupportedCommandException">
      <![CDATA[org.openqa.selenium.UnsupportedCommandException: Unknown mobile command "longClickGesture". Only shell,scrollBackTo,viewportScreenshot,deepLink,startLogsBroadcast,stopLogsBroadcast,acceptAlert,dismissAlert,batteryInfo,deviceInfo,changePermissions,getPermissions,performEditorAction,startScreenStreaming,stopScreenStreaming,getNotifications,listSms,type commands are supported.
Build info: version: '4.23.1', revision: '656257d8e9'
System info: os.name: 'Windows 11', os.arch: 'amd64', os.version: '10.0', java.version: '19.0.2'
Driver info: io.appium.java_client.android.AndroidDriver
Command: [3da118d5751b140f2771cb5ab26b0e3a5d91d81f, executeScript {script=mobile: longClickGesture, args=[{elementId=d9a28e2b-c13d-4410-93f9-ccba2517d4fa, duration=2000}]}]
Capabilities {appium:appActivity: com.androidsample.generalst..., appium:appPackage: com.androidsample.generalstore, appium:automationName: uiautomator2, appium:bundleID: com.androidsample.generalstore, appium:bundleId: com.androidsample.generalstore, appium:chromedriverPort: 18086, appium:chromedriverPorts: [[18166, 18176]], appium:databaseEnabled: false, appium:desired: {appActivity: com.androidsample.generalst..., appPackage: com.androidsample.generalstore, automationName: uiautomator2, bstack:options: {buildIdentifier: #17, hostName: Rajitha6303, localIdentifier: 25_Aug_1244_Rajitha6303_SId4}, bundleID: com.androidsample.generalstore, bundleId: com.androidsample.generalstore, chromedriverPort: 18086, chromedriverPorts: [[18166, 18176]], deviceName: emulator-5554, disableSuppressAccessibilityService: true, goog:chromeOptions: {}, nativeWebScreenshot: true, newCommandTimeout: 0, platformName: Android, skipServerInstallation: true, systemPort: 8206, udid: R5CT31AHM8V}, appium:deviceApiLevel: 31, appium:deviceManufacturer: samsung, appium:deviceModel: SM-S908E, appium:deviceName: R5CT31AHM8V, appium:deviceScreenDensity: 450, appium:deviceScreenSize: 1080x2316, appium:deviceUDID: R5CT31AHM8V, appium:disableSuppressAccessibilityService: true, appium:javascriptEnabled: true, appium:locationContextEnabled: false, appium:nativeWebScreenshot: true, appium:networkConnectionEnabled: true, appium:newCommandTimeout: 0, appium:optimalHubUrl: hub-aps.browserstack.com, appium:pixelRatio: 2.8125, appium:platformVersion: 12, appium:skipServerInstallation: true, appium:statBarHeight: 75, appium:systemPort: 8206, appium:takesScreenshot: true, appium:udid: R5CT31AHM8V, appium:viewportRect: {height: 2031, left: 0, top: 75, width: 1080}, appium:warnings: {}, appium:webStorageEnabled: false, bstack:options: {buildIdentifier: #17, hostName: Rajitha6303, localIdentifier: 25_Aug_1244_Rajitha6303_SId4}, goog:chromeOptions: {}, platformName: ANDROID}
Session ID: 3da118d5751b140f2771cb5ab26b0e3a5d91d81f
at java.base/jdk.internal.reflect.DirectConstructorHandleAccessor.newInstance(DirectConstructorHandleAccessor.java:67)
at java.base/java.lang.reflect.Constructor.newInstanceWithCaller(Constructor.java:500)
at java.base/java.lang.reflect.Constructor.newInstance(Constructor.java:484)
at org.openqa.selenium.remote.ErrorCodec.decode(ErrorCodec.java:167)
at org.openqa.selenium.remote.codec.w3c.W3CHttpResponseCodec.decode(W3CHttpResponseCodec.java:138)
at org.openqa.selenium.remote.codec.w3c.W3CHttpResponseCodec.decode(W3CHttpResponseCodec.java:50)
at org.openqa.selenium.remote.HttpCommandExecutor.execute(HttpCommandExecutor.java:190)
at io.appium.java_client.remote.AppiumCommandExecutor.execute(AppiumCommandExecutor.java:237)
at org.openqa.selenium.remote.RemoteWebDriver.execute(RemoteWebDriver.java:545)
at org.openqa.selenium.remote.RemoteWebDriver.executeScript(RemoteWebDriver.java:476)
at virtusa.abstractComponent.AbstractionClass.longPressGesture(AbstractionClass.java:52)
at org.virtusa.mobileTesting.android.pageObjectModelCloud.CartPage.acceptTermsAndConditions(CartPage.java:110)
at Virtusa.MobileFramework.TC_005_WebView.webViewPage(TC_005_WebView.java:40)
at java.base/jdk.internal.reflect.DirectMethodHandleAccessor.invoke(DirectMethodHandleAccessor.java:104)
at java.base/java.lang.reflect.Method.invoke(Method.java:578)
at org.testng.internal.invokers.MethodInvocationHelper.invokeMethod(MethodInvocationHelper.java:141)
at org.testng.internal.invokers.TestInvoker.invokeMethod(TestInvoker.java:686)
at org.testng.internal.invokers.TestInvoker.invokeTestMethod(TestInvoker.java:230)
at org.testng.internal.invokers.MethodRunner.runInSequence(MethodRunner.java:63)
at org.testng.internal.invokers.TestInvoker$MethodInvocationAgent.invoke(TestInvoker.java:992)
at org.testng.internal.invokers.TestInvoker.invokeTestMethods(TestInvoker.java:203)
at org.testng.internal.invokers.TestMethodWorker.invokeTestMethods(TestMethodWorker.java:154)
at org.testng.internal.invokers.TestMethodWorker.run(TestMethodWorker.java:134)
at java.base/java.util.concurrent.Executors$RunnableAdapter.call(Executors.java:577)
at java.base/java.util.concurrent.FutureTask.run(FutureTask.java:317)
at org.testng.internal.thread.graph.TestNGFutureTask.run(TestNGFutureTask.java:22)
at java.base/java.util.concurrent.ThreadPoolExecutor.runWorker(ThreadPoolExecutor.java:1144)
at java.base/java.util.concurrent.ThreadPoolExecutor$Worker.run(ThreadPoolExecutor.java:642)
at java.base/java.lang.Thread.run(Thread.java:1589)
]]>
    </error>
  </testcase> <!-- webViewPage -->
  <testcase classname="Virtusa.MobileFramework.TC_005_WebView" name="webViewPage" time="162.304">
    <error message="Unknown mobile command &quot;longClickGesture&quot;. Only shell,scrollBackTo,viewportScreenshot,deepLink,startLogsBroadcast,stopLogsBroadcast,acceptAlert,dismissAlert,batteryInfo,deviceInfo,changePermissions,getPermissions,performEditorAction,startScreenStreaming,stopScreenStreaming,getNotifications,listSms,type commands are supported.
Build info: version: &#039;4.23.1&#039;, revision: &#039;656257d8e9&#039;
System info: os.name: &#039;Windows 11&#039;, os.arch: &#039;amd64&#039;, os.version: &#039;10.0&#039;, java.version: &#039;19.0.2&#039;
Driver info: io.appium.java_client.android.AndroidDriver
Command: [405e0bc260bf35c6e4046982478350b4c74c7aeb, executeScript {script=mobile: longClickGesture, args=[{elementId=4e905a4e-3e52-4afa-a0d2-a26a295c5c41, duration=2000}]}]
Capabilities {appium:appActivity: com.androidsample.generalst..., appium:appPackage: com.androidsample.generalstore, appium:automationName: uiautomator2, appium:bundleID: com.androidsample.generalstore, appium:bundleId: com.androidsample.generalstore, appium:chromedriverPort: 18081, appium:chromedriverPorts: [[18111, 18121]], appium:databaseEnabled: false, appium:desired: {appActivity: com.androidsample.generalst..., appPackage: com.androidsample.generalstore, automationName: uiautomator2, bstack:options: {buildIdentifier: #17, hostName: Rajitha6303, localIdentifier: 25_Aug_1244_Rajitha6303_SId4}, bundleID: com.androidsample.generalstore, bundleId: com.androidsample.generalstore, chromedriverPort: 18081, chromedriverPorts: [[18111, 18121]], deviceName: emulator-5554, disableSuppressAccessibilityService: true, goog:chromeOptions: {}, nativeWebScreenshot: true, newCommandTimeout: 0, platformName: Android, skipServerInstallation: true, systemPort: 8201, udid: R5CRA1JXD8Y}, appium:deviceApiLevel: 30, appium:deviceManufacturer: samsung, appium:deviceModel: SM-G991B, appium:deviceName: R5CRA1JXD8Y, appium:deviceScreenDensity: 480, appium:deviceScreenSize: 1080x2400, appium:deviceUDID: R5CRA1JXD8Y, appium:disableSuppressAccessibilityService: true, appium:javascriptEnabled: true, appium:locationContextEnabled: false, appium:nativeWebScreenshot: true, appium:networkConnectionEnabled: true, appium:newCommandTimeout: 0, appium:optimalHubUrl: hub-aps.browserstack.com, appium:pixelRatio: 3, appium:platformVersion: 11, appium:skipServerInstallation: true, appium:statBarHeight: 79, appium:systemPort: 8201, appium:takesScreenshot: true, appium:udid: R5CRA1JXD8Y, appium:viewportRect: {height: 2097, left: 0, top: 79, width: 1080}, appium:warnings: {}, appium:webStorageEnabled: false, bstack:options: {buildIdentifier: #17, hostName: Rajitha6303, localIdentifier: 25_Aug_1244_Rajitha6303_SId4}, goog:chromeOptions: {}, platformName: ANDROID}
Session ID: 405e0bc260bf35c6e4046982478350b4c74c7aeb" type="org.openqa.selenium.UnsupportedCommandException">
      <![CDATA[org.openqa.selenium.UnsupportedCommandException: Unknown mobile command "longClickGesture". Only shell,scrollBackTo,viewportScreenshot,deepLink,startLogsBroadcast,stopLogsBroadcast,acceptAlert,dismissAlert,batteryInfo,deviceInfo,changePermissions,getPermissions,performEditorAction,startScreenStreaming,stopScreenStreaming,getNotifications,listSms,type commands are supported.
Build info: version: '4.23.1', revision: '656257d8e9'
System info: os.name: 'Windows 11', os.arch: 'amd64', os.version: '10.0', java.version: '19.0.2'
Driver info: io.appium.java_client.android.AndroidDriver
Command: [405e0bc260bf35c6e4046982478350b4c74c7aeb, executeScript {script=mobile: longClickGesture, args=[{elementId=4e905a4e-3e52-4afa-a0d2-a26a295c5c41, duration=2000}]}]
Capabilities {appium:appActivity: com.androidsample.generalst..., appium:appPackage: com.androidsample.generalstore, appium:automationName: uiautomator2, appium:bundleID: com.androidsample.generalstore, appium:bundleId: com.androidsample.generalstore, appium:chromedriverPort: 18081, appium:chromedriverPorts: [[18111, 18121]], appium:databaseEnabled: false, appium:desired: {appActivity: com.androidsample.generalst..., appPackage: com.androidsample.generalstore, automationName: uiautomator2, bstack:options: {buildIdentifier: #17, hostName: Rajitha6303, localIdentifier: 25_Aug_1244_Rajitha6303_SId4}, bundleID: com.androidsample.generalstore, bundleId: com.androidsample.generalstore, chromedriverPort: 18081, chromedriverPorts: [[18111, 18121]], deviceName: emulator-5554, disableSuppressAccessibilityService: true, goog:chromeOptions: {}, nativeWebScreenshot: true, newCommandTimeout: 0, platformName: Android, skipServerInstallation: true, systemPort: 8201, udid: R5CRA1JXD8Y}, appium:deviceApiLevel: 30, appium:deviceManufacturer: samsung, appium:deviceModel: SM-G991B, appium:deviceName: R5CRA1JXD8Y, appium:deviceScreenDensity: 480, appium:deviceScreenSize: 1080x2400, appium:deviceUDID: R5CRA1JXD8Y, appium:disableSuppressAccessibilityService: true, appium:javascriptEnabled: true, appium:locationContextEnabled: false, appium:nativeWebScreenshot: true, appium:networkConnectionEnabled: true, appium:newCommandTimeout: 0, appium:optimalHubUrl: hub-aps.browserstack.com, appium:pixelRatio: 3, appium:platformVersion: 11, appium:skipServerInstallation: true, appium:statBarHeight: 79, appium:systemPort: 8201, appium:takesScreenshot: true, appium:udid: R5CRA1JXD8Y, appium:viewportRect: {height: 2097, left: 0, top: 79, width: 1080}, appium:warnings: {}, appium:webStorageEnabled: false, bstack:options: {buildIdentifier: #17, hostName: Rajitha6303, localIdentifier: 25_Aug_1244_Rajitha6303_SId4}, goog:chromeOptions: {}, platformName: ANDROID}
Session ID: 405e0bc260bf35c6e4046982478350b4c74c7aeb
at java.base/jdk.internal.reflect.DirectConstructorHandleAccessor.newInstance(DirectConstructorHandleAccessor.java:67)
at java.base/java.lang.reflect.Constructor.newInstanceWithCaller(Constructor.java:500)
at java.base/java.lang.reflect.Constructor.newInstance(Constructor.java:484)
at org.openqa.selenium.remote.ErrorCodec.decode(ErrorCodec.java:167)
at org.openqa.selenium.remote.codec.w3c.W3CHttpResponseCodec.decode(W3CHttpResponseCodec.java:138)
at org.openqa.selenium.remote.codec.w3c.W3CHttpResponseCodec.decode(W3CHttpResponseCodec.java:50)
at org.openqa.selenium.remote.HttpCommandExecutor.execute(HttpCommandExecutor.java:190)
at io.appium.java_client.remote.AppiumCommandExecutor.execute(AppiumCommandExecutor.java:237)
at org.openqa.selenium.remote.RemoteWebDriver.execute(RemoteWebDriver.java:545)
at org.openqa.selenium.remote.RemoteWebDriver.executeScript(RemoteWebDriver.java:476)
at virtusa.abstractComponent.AbstractionClass.longPressGesture(AbstractionClass.java:52)
at org.virtusa.mobileTesting.android.pageObjectModelCloud.CartPage.acceptTermsAndConditions(CartPage.java:110)
at Virtusa.MobileFramework.TC_005_WebView.webViewPage(TC_005_WebView.java:40)
at java.base/jdk.internal.reflect.DirectMethodHandleAccessor.invoke(DirectMethodHandleAccessor.java:104)
at java.base/java.lang.reflect.Method.invoke(Method.java:578)
at org.testng.internal.invokers.MethodInvocationHelper.invokeMethod(MethodInvocationHelper.java:141)
at org.testng.internal.invokers.TestInvoker.invokeMethod(TestInvoker.java:686)
at org.testng.internal.invokers.TestInvoker.invokeTestMethod(TestInvoker.java:230)
at org.testng.internal.invokers.MethodRunner.runInSequence(MethodRunner.java:63)
at org.testng.internal.invokers.TestInvoker$MethodInvocationAgent.invoke(TestInvoker.java:992)
at org.testng.internal.invokers.TestInvoker.invokeTestMethods(TestInvoker.java:203)
at org.testng.internal.invokers.TestMethodWorker.invokeTestMethods(TestMethodWorker.java:154)
at org.testng.internal.invokers.TestMethodWorker.run(TestMethodWorker.java:134)
at java.base/java.util.concurrent.Executors$RunnableAdapter.call(Executors.java:577)
at java.base/java.util.concurrent.FutureTask.run(FutureTask.java:317)
at org.testng.internal.thread.graph.TestNGFutureTask.run(TestNGFutureTask.java:22)
at java.base/java.util.concurrent.ThreadPoolExecutor.runWorker(ThreadPoolExecutor.java:1144)
at java.base/java.util.concurrent.ThreadPoolExecutor$Worker.run(ThreadPoolExecutor.java:642)
at java.base/java.lang.Thread.run(Thread.java:1589)
]]>
    </error>
  </testcase> <!-- webViewPage -->
</testsuite> <!-- Virtusa.MobileFramework.TC_005_WebView -->
