<?xml version="1.0" encoding="UTF-8"?>
<!-- Generated by org.testng.reporters.JUnitReportReporter -->
<testsuite hostname="Rajitha6303" failures="0" tests="1" name="Virtusa.MobileFramework.TC_002_ErrorValidations" time="25.055" errors="0" timestamp="2024-07-14T21:47:35 IST" skipped="0">
  <testcase classname="Virtusa.MobileFramework.TC_002_ErrorValidations" name="errorValidation" time="25.055"/>
</testsuite> <!-- Virtusa.MobileFramework.TC_002_ErrorValidations -->
