<?xml version="1.0" encoding="UTF-8"?>
<!-- Generated by org.testng.reporters.JUnitReportReporter -->
<testsuite hostname="Rajitha6303" failures="0" tests="3" name="Virtusa.MobileFramework.TC_001_FormClass" time="243.493" errors="0" timestamp="2024-08-25T12:21:10 IST" skipped="0">
  <testcase classname="Virtusa.MobileFramework.TC_001_FormClass" name="formpagevalidation" time="71.306"/>
  <testcase classname="Virtusa.MobileFramework.TC_001_FormClass" name="formpagevalidation" time="78.923"/>
  <testcase classname="Virtusa.MobileFramework.TC_001_FormClass" name="formpagevalidation" time="93.264"/>
</testsuite> <!-- Virtusa.MobileFramework.TC_001_FormClass -->
