<?xml version="1.0" encoding="UTF-8"?>
<!-- Generated by org.testng.reporters.JUnitReportReporter -->
<testsuite hostname="Rajitha6303" failures="0" tests="3" name="Virtusa.MobileFramework.TC_003_ProductClass" time="221.685" errors="0" timestamp="2024-07-13T16:55:15 IST" skipped="0">
  <testcase classname="Virtusa.MobileFramework.TC_003_ProductClass" name="loginSetUp" time="72.656"/>
  <testcase classname="Virtusa.MobileFramework.TC_003_ProductClass" name="loginSetUp" time="76.463"/>
  <testcase classname="Virtusa.MobileFramework.TC_003_ProductClass" name="loginSetUp" time="72.566"/>
</testsuite> <!-- Virtusa.MobileFramework.TC_003_ProductClass -->
